Determining if the pthread_create exist failed with the following output:
Change Dir: /home/jwkolab/i30_ws_190409/src/pharos_drivers/velodyne-master/velodyne_pointcloud/cmake-build-debug/CMakeFiles/CMakeTmp

Run Build Command:"/usr/bin/make" "cmTC_e45a1/fast"
/usr/bin/make -f CMakeFiles/cmTC_e45a1.dir/build.make CMakeFiles/cmTC_e45a1.dir/build
make[1]: Entering directory '/home/jwkolab/i30_ws_190409/src/pharos_drivers/velodyne-master/velodyne_pointcloud/cmake-build-debug/CMakeFiles/CMakeTmp'
Building C object CMakeFiles/cmTC_e45a1.dir/CheckSymbolExists.c.o
/usr/bin/cc    -o CMakeFiles/cmTC_e45a1.dir/CheckSymbolExists.c.o   -c /home/jwkolab/i30_ws_190409/src/pharos_drivers/velodyne-master/velodyne_pointcloud/cmake-build-debug/CMakeFiles/CMakeTmp/CheckSymbolExists.c
Linking C executable cmTC_e45a1
/opt/clion-2018.3.2/bin/cmake/linux/bin/cmake -E cmake_link_script CMakeFiles/cmTC_e45a1.dir/link.txt --verbose=1
/usr/bin/cc      -rdynamic CMakeFiles/cmTC_e45a1.dir/CheckSymbolExists.c.o  -o cmTC_e45a1 
CMakeFiles/cmTC_e45a1.dir/CheckSymbolExists.c.o: In function `main':
CheckSymbolExists.c:(.text+0x16): undefined reference to `pthread_create'
collect2: error: ld returned 1 exit status
CMakeFiles/cmTC_e45a1.dir/build.make:86: recipe for target 'cmTC_e45a1' failed
make[1]: *** [cmTC_e45a1] Error 1
make[1]: Leaving directory '/home/jwkolab/i30_ws_190409/src/pharos_drivers/velodyne-master/velodyne_pointcloud/cmake-build-debug/CMakeFiles/CMakeTmp'
Makefile:121: recipe for target 'cmTC_e45a1/fast' failed
make: *** [cmTC_e45a1/fast] Error 2

File /home/jwkolab/i30_ws_190409/src/pharos_drivers/velodyne-master/velodyne_pointcloud/cmake-build-debug/CMakeFiles/CMakeTmp/CheckSymbolExists.c:
/* */
#include <pthread.h>

int main(int argc, char** argv)
{
  (void)argv;
#ifndef pthread_create
  return ((int*)(&pthread_create))[argc];
#else
  (void)argc;
  return 0;
#endif
}

Determining if the function pthread_create exists in the pthreads failed with the following output:
Change Dir: /home/jwkolab/i30_ws_190409/src/pharos_drivers/velodyne-master/velodyne_pointcloud/cmake-build-debug/CMakeFiles/CMakeTmp

Run Build Command:"/usr/bin/make" "cmTC_3bdfe/fast"
/usr/bin/make -f CMakeFiles/cmTC_3bdfe.dir/build.make CMakeFiles/cmTC_3bdfe.dir/build
make[1]: Entering directory '/home/jwkolab/i30_ws_190409/src/pharos_drivers/velodyne-master/velodyne_pointcloud/cmake-build-debug/CMakeFiles/CMakeTmp'
Building C object CMakeFiles/cmTC_3bdfe.dir/CheckFunctionExists.c.o
/usr/bin/cc   -DCHECK_FUNCTION_EXISTS=pthread_create   -o CMakeFiles/cmTC_3bdfe.dir/CheckFunctionExists.c.o   -c /opt/clion-2018.3.2/bin/cmake/linux/share/cmake-3.13/Modules/CheckFunctionExists.c
Linking C executable cmTC_3bdfe
/opt/clion-2018.3.2/bin/cmake/linux/bin/cmake -E cmake_link_script CMakeFiles/cmTC_3bdfe.dir/link.txt --verbose=1
/usr/bin/cc  -DCHECK_FUNCTION_EXISTS=pthread_create    -rdynamic CMakeFiles/cmTC_3bdfe.dir/CheckFunctionExists.c.o  -o cmTC_3bdfe -lpthreads 
/usr/bin/ld: cannot find -lpthreads
collect2: error: ld returned 1 exit status
CMakeFiles/cmTC_3bdfe.dir/build.make:86: recipe for target 'cmTC_3bdfe' failed
make[1]: *** [cmTC_3bdfe] Error 1
make[1]: Leaving directory '/home/jwkolab/i30_ws_190409/src/pharos_drivers/velodyne-master/velodyne_pointcloud/cmake-build-debug/CMakeFiles/CMakeTmp'
Makefile:121: recipe for target 'cmTC_3bdfe/fast' failed
make: *** [cmTC_3bdfe/fast] Error 2


